[debug] [2023-09-20T07:57:06.270Z] ----------------------------------------------------------------------
[debug] [2023-09-20T07:57:06.273Z] Command:       C:\Program Files\nodejs\node.exe C:\Users\PC\AppData\Roaming\npm\node_modules\firebase-tools\lib\bin\firebase.js init
[debug] [2023-09-20T07:57:06.274Z] CLI Version:   12.5.4
[debug] [2023-09-20T07:57:06.274Z] Platform:      win32
[debug] [2023-09-20T07:57:06.274Z] Node Version:  v18.17.1
[debug] [2023-09-20T07:57:06.283Z] Time:          Wed Sep 20 2023 12:57:06 GMT+0500 (Pakistan Standard Time)
[debug] [2023-09-20T07:57:06.283Z] ----------------------------------------------------------------------
[debug] 
[debug] [2023-09-20T07:57:06.384Z] > command requires scopes: ["email","openid","https://www.googleapis.com/auth/cloudplatformprojects.readonly","https://www.googleapis.com/auth/firebase","https://www.googleapis.com/auth/cloud-platform"]
[debug] [2023-09-20T07:57:06.385Z] > authorizing via signed-in user (azharabid00@gmail.com)
[info] 
     ######## #### ########  ######## ########     ###     ######  ########
     ##        ##  ##     ## ##       ##     ##  ##   ##  ##       ##
     ######    ##  ########  ######   ########  #########  ######  ######
     ##        ##  ##    ##  ##       ##     ## ##     ##       ## ##
     ##       #### ##     ## ######## ########  ##     ##  ######  ########

You're about to initialize a Firebase project in this directory:

  C:\Users\PC\StudioProjects\CustomerApp

Before we get started, keep in mind:

  * You are initializing within an existing Firebase project directory

[info] 
=== Project Setup
[info] 
[info] First, let's associate this project directory with a Firebase project.
[info] You can create multiple project aliases by running firebase use --add, 
[info] but for now we'll just set up a default project.
[info] 
[debug] [2023-09-20T07:57:32.331Z] Using project from CLI flag: eshop-c4ebf
[debug] [2023-09-20T07:57:32.334Z] >>> [apiv2][query] GET https://firebase.googleapis.com/v1beta1/projects/eshop-c4ebf [none]
[debug] [2023-09-20T07:57:33.113Z] <<< [apiv2][status] GET https://firebase.googleapis.com/v1beta1/projects/eshop-c4ebf 403
[debug] [2023-09-20T07:57:33.113Z] <<< [apiv2][body] GET https://firebase.googleapis.com/v1beta1/projects/eshop-c4ebf {"error":{"code":403,"message":"The caller does not have permission","status":"PERMISSION_DENIED"}}
[debug] [2023-09-20T07:57:33.116Z] HTTP Error: 403, The caller does not have permission
[debug] [2023-09-20T07:57:33.474Z] FirebaseError: HTTP Error: 403, The caller does not have permission
    at responseToError (C:\Users\PC\AppData\Roaming\npm\node_modules\firebase-tools\lib\responseToError.js:49:12)
    at RetryOperation._fn (C:\Users\PC\AppData\Roaming\npm\node_modules\firebase-tools\lib\apiv2.js:285:77)
    at process.processTicksAndRejections (node:internal/process/task_queues:95:5)
[error] 
[error] Error: Failed to get Firebase project eshop-c4ebf. Please make sure the project exists and your account has permission to access it.
